  [1m[35m (64.7ms)[0m  [1m[35mCREATE TABLE "schema_migrations" ("version" varchar NOT NULL PRIMARY KEY)[0m
  [1m[35m (54.0ms)[0m  [1m[35mCREATE TABLE "ar_internal_metadata" ("key" varchar NOT NULL PRIMARY KEY, "value" varchar, "created_at" datetime NOT NULL, "updated_at" datetime NOT NULL)[0m
  [1m[36mActiveRecord::SchemaMigration Load (4.0ms)[0m  [1m[34mSELECT "schema_migrations".* FROM "schema_migrations"[0m
Migrating to CreateMovies (20170124223330)
  [1m[35m (0.1ms)[0m  [1m[36mbegin transaction[0m
  [1m[35m (23.8ms)[0m  [1m[35mCREATE TABLE "movies" ("id" INTEGER PRIMARY KEY AUTOINCREMENT NOT NULL, "title" varchar, "description" text, "release_date" datetime, "created_at" datetime NOT NULL, "updated_at" datetime NOT NULL)[0m
  [1m[35mSQL (0.1ms)[0m  [1m[32mINSERT INTO "schema_migrations" ("version") VALUES (?)[0m  [["version", "20170124223330"]]
  [1m[35m (66.8ms)[0m  [1m[36mcommit transaction[0m
  [1m[36mActiveRecord::InternalMetadata Load (3.8ms)[0m  [1m[34mSELECT  "ar_internal_metadata".* FROM "ar_internal_metadata" WHERE "ar_internal_metadata"."key" = ? LIMIT ?[0m  [["key", :environment], ["LIMIT", 1]]
  [1m[35m (0.1ms)[0m  [1m[36mbegin transaction[0m
  [1m[35mSQL (11.8ms)[0m  [1m[32mINSERT INTO "ar_internal_metadata" ("key", "value", "created_at", "updated_at") VALUES (?, ?, ?, ?)[0m  [["key", "environment"], ["value", "development"], ["created_at", 2017-01-24 22:41:28 UTC], ["updated_at", 2017-01-24 22:41:28 UTC]]
  [1m[35m (48.0ms)[0m  [1m[36mcommit transaction[0m
  [1m[36mActiveRecord::SchemaMigration Load (7.4ms)[0m  [1m[34mSELECT "schema_migrations".* FROM "schema_migrations"[0m
  [1m[35m (0.1ms)[0m  [1m[36mbegin transaction[0m
  [1m[35mSQL (5.2ms)[0m  [1m[32mINSERT INTO "movies" ("title", "release_date", "created_at", "updated_at") VALUES (?, ?, ?, ?)[0m  [["title", "Star Wars"], ["release_date", 1977-04-25 00:00:00 UTC], ["created_at", 2017-01-24 22:52:34 UTC], ["updated_at", 2017-01-24 22:52:34 UTC]]
  [1m[35m (23.0ms)[0m  [1m[36mcommit transaction[0m
  [1m[35m (0.5ms)[0m  [1m[36mbegin transaction[0m
  [1m[35mSQL (36.0ms)[0m  [1m[32mINSERT INTO "movies" ("title", "release_date", "created_at", "updated_at") VALUES (?, ?, ?, ?)[0m  [["title", "Avatar"], ["release_date", 2009-12-10 00:00:00 UTC], ["created_at", 2017-01-24 22:55:30 UTC], ["updated_at", 2017-01-24 22:55:30 UTC]]
  [1m[35m (74.5ms)[0m  [1m[36mcommit transaction[0m
  [1m[35m (0.1ms)[0m  [1m[36mbegin transaction[0m
  [1m[35mSQL (51.0ms)[0m  [1m[32mINSERT INTO "movies" ("title", "created_at", "updated_at") VALUES (?, ?, ?)[0m  [["title", "Requiem for a Dream"], ["created_at", 2017-01-24 22:56:26 UTC], ["updated_at", 2017-01-24 22:56:26 UTC]]
  [1m[35m (148.6ms)[0m  [1m[36mcommit transaction[0m
  [1m[35m (0.2ms)[0m  [1m[36mbegin transaction[0m
  [1m[35mSQL (25.3ms)[0m  [1m[33mUPDATE "movies" SET "release_date" = ?, "updated_at" = ? WHERE "movies"."id" = ?[0m  [["release_date", 2012-04-30 00:00:00 UTC], ["updated_at", 2017-01-24 22:57:08 UTC], ["id", 3]]
  [1m[35m (42.7ms)[0m  [1m[36mcommit transaction[0m
  [1m[36mMovie Load (7.4ms)[0m  [1m[34mSELECT "movies".* FROM "movies" WHERE "movies"."title" = ?[0m  [["title", "Avatar"]]
  [1m[35m (9.0ms)[0m  [1m[34mSELECT COUNT(*) FROM "movies" WHERE "movies"."title" = ?[0m  [["title", "Avatar"]]
  [1m[36mMovie Load (6.0ms)[0m  [1m[34mSELECT "movies".* FROM "movies" WHERE (release_date > '2010-10-10')[0m
  [1m[36mMovie Load (4.7ms)[0m  [1m[34mSELECT "movies".* FROM "movies" WHERE (release_date < '2010-10-10')[0m
  [1m[36mMovie Load (5.3ms)[0m  [1m[34mSELECT  "movies".* FROM "movies" WHERE "movies"."id" = ? LIMIT ?[0m  [["id", 2], ["LIMIT", 1]]
  [1m[36mMovie Load (4.2ms)[0m  [1m[34mSELECT  "movies".* FROM "movies" WHERE "movies"."id" = ? LIMIT ?[0m  [["id", 1], ["LIMIT", 1]]
  [1m[36mMovie Load (5.7ms)[0m  [1m[34mSELECT  "movies".* FROM "movies" WHERE "movies"."id" = ? LIMIT ?[0m  [["id", 0], ["LIMIT", 1]]
  [1m[36mMovie Load (4.2ms)[0m  [1m[34mSELECT  "movies".* FROM "movies" WHERE "movies"."id" = ? LIMIT ?[0m  [["id", 1], ["LIMIT", 1]]
  [1m[36mMovie Load (5.6ms)[0m  [1m[34mSELECT  "movies".* FROM "movies" WHERE "movies"."title" = ? LIMIT ?[0m  [["title", "Star Wars"], ["LIMIT", 1]]
  [1m[36mMovie Load (6.1ms)[0m  [1m[34mSELECT  "movies".* FROM "movies" WHERE "movies"."title" = ? LIMIT ?[0m  [["title", "Star2 Wars"], ["LIMIT", 1]]
  [1m[36mMovie Load (5.1ms)[0m  [1m[34mSELECT "movies".* FROM "movies"[0m
  [1m[36mMovie Load (5.7ms)[0m  [1m[34mSELECT  "movies".* FROM "movies" WHERE "movies"."id" = ? LIMIT ?[0m  [["id", 1], ["LIMIT", 1]]
  [1m[35m (0.1ms)[0m  [1m[36mbegin transaction[0m
  [1m[35mSQL (5.5ms)[0m  [1m[31mDELETE FROM "movies" WHERE "movies"."id" = ?[0m  [["id", 1]]
  [1m[35m (23.7ms)[0m  [1m[36mcommit transaction[0m
  [1m[36mMovie Load (4.9ms)[0m  [1m[34mSELECT "movies".* FROM "movies"[0m
  [1m[36mMovie Load (6.0ms)[0m  [1m[34mSELECT  "movies".* FROM "movies" ORDER BY "movies"."id" DESC LIMIT ?[0m  [["LIMIT", 1]]
  [1m[36mActiveRecord::SchemaMigration Load (2.6ms)[0m  [1m[34mSELECT "schema_migrations".* FROM "schema_migrations"[0m
  [1m[35m (0.1ms)[0m  [1m[36mbegin transaction[0m
  [1m[35mSQL (13.3ms)[0m  [1m[32mINSERT INTO "movies" ("title", "release_date", "created_at", "updated_at") VALUES (?, ?, ?, ?)[0m  [["title", "Alladin"], ["release_date", 1992-11-25 00:00:00 UTC], ["created_at", 2017-01-24 23:37:00 UTC], ["updated_at", 2017-01-24 23:37:00 UTC]]
  [1m[35m (35.1ms)[0m  [1m[36mcommit transaction[0m
  [1m[35m (0.0ms)[0m  [1m[36mbegin transaction[0m
  [1m[35mSQL (9.4ms)[0m  [1m[32mINSERT INTO "movies" ("title", "release_date", "created_at", "updated_at") VALUES (?, ?, ?, ?)[0m  [["title", "the hlep"], ["release_date", 0211-08-10 00:00:00 UTC], ["created_at", 2017-01-24 23:37:00 UTC], ["updated_at", 2017-01-24 23:37:00 UTC]]
  [1m[35m (50.1ms)[0m  [1m[36mcommit transaction[0m
  [1m[35m (0.0ms)[0m  [1m[36mbegin transaction[0m
  [1m[35mSQL (5.7ms)[0m  [1m[32mINSERT INTO "movies" ("title", "release_date", "created_at", "updated_at") VALUES (?, ?, ?, ?)[0m  [["title", "Raiders of the lost Ark"], ["release_date", 2017-01-12 00:00:00 UTC], ["created_at", 2017-01-24 23:37:00 UTC], ["updated_at", 2017-01-24 23:37:00 UTC]]
  [1m[35m (47.6ms)[0m  [1m[36mcommit transaction[0m
  [1m[36mMovie Load (3.8ms)[0m  [1m[34mSELECT  "movies".* FROM "movies" ORDER BY "movies"."id" DESC LIMIT ?[0m  [["LIMIT", 1]]
  [1m[36mActiveRecord::SchemaMigration Load (3.7ms)[0m  [1m[34mSELECT "schema_migrations".* FROM "schema_migrations"[0m
Migrating to CreateProfessionals (20170124234126)
  [1m[35m (0.0ms)[0m  [1m[36mbegin transaction[0m
  [1m[35m (9.0ms)[0m  [1m[35mCREATE TABLE "professionals" ("id" INTEGER PRIMARY KEY AUTOINCREMENT NOT NULL, "name" varchar, "birthdate" datetime, "gender" varchar, "country" varchar, "type" varchar, "created_at" datetime NOT NULL, "updated_at" datetime NOT NULL)[0m
  [1m[35mSQL (1.2ms)[0m  [1m[32mINSERT INTO "schema_migrations" ("version") VALUES (?)[0m  [["version", "20170124234126"]]
  [1m[35m (30.5ms)[0m  [1m[36mcommit transaction[0m
  [1m[36mActiveRecord::InternalMetadata Load (4.8ms)[0m  [1m[34mSELECT  "ar_internal_metadata".* FROM "ar_internal_metadata" WHERE "ar_internal_metadata"."key" = ? LIMIT ?[0m  [["key", :environment], ["LIMIT", 1]]
  [1m[35m (0.1ms)[0m  [1m[36mbegin transaction[0m
  [1m[35m (0.1ms)[0m  [1m[36mcommit transaction[0m
  [1m[36mActiveRecord::SchemaMigration Load (8.5ms)[0m  [1m[34mSELECT "schema_migrations".* FROM "schema_migrations"[0m
